[2024-04-29T16:43:46.362+0100] {manager.py:470} INFO - Processing files using up to 1 processes at a time 
[2024-04-29T16:43:46.363+0100] {manager.py:471} INFO - Process each file at most once every 30 seconds
[2024-04-29T16:43:46.363+0100] {manager.py:472} INFO - Checking for new files in /home/h3n0k/Documents/Repositories/Perso/ETL-Asteroids_data/airflow/dags every 300 seconds
[2024-04-29T16:43:46.363+0100] {manager.py:737} INFO - Searching for files in /home/h3n0k/Documents/Repositories/Perso/ETL-Asteroids_data/airflow/dags
[2024-04-29T16:43:46.377+0100] {manager.py:740} INFO - There are 51 files in /home/h3n0k/Documents/Repositories/Perso/ETL-Asteroids_data/airflow/dags
[2024-04-29T16:43:46.628+0100] {manager.py:878} INFO - 
================================================================================
DAG File Processing Stats

File Path                                                                                                                                                                         PID    Runtime      # DAGs    # Errors  Last Runtime    Last Run
--------------------------------------------------------------------------------------------------------------------------------------------------------------------------------  -----  ---------  --------  ----------  --------------  -------------------
/home/h3n0k/Documents/Repositories/Perso/ETL-Asteroids_data/test_env/lib/python3.8/site-packages/airflow/example_dags/example_xcom.py                                                                      1           0  0.20s           2024-04-29T15:43:46
/home/h3n0k/Documents/Repositories/Perso/ETL-Asteroids_data/test_env/lib/python3.8/site-packages/airflow/example_dags/example_branch_operator.py                                                           0           0
/home/h3n0k/Documents/Repositories/Perso/ETL-Asteroids_data/test_env/lib/python3.8/site-packages/airflow/example_dags/example_skip_dag.py                                                                  0           0
/home/h3n0k/Documents/Repositories/Perso/ETL-Asteroids_data/test_env/lib/python3.8/site-packages/airflow/example_dags/example_passing_params_via_test_command.py                                           0           0
/home/h3n0k/Documents/Repositories/Perso/ETL-Asteroids_data/test_env/lib/python3.8/site-packages/airflow/example_dags/example_dynamic_task_mapping_with_no_taskflow_operators.py                           0           0
/home/h3n0k/Documents/Repositories/Perso/ETL-Asteroids_data/test_env/lib/python3.8/site-packages/airflow/example_dags/example_branch_operator_decorator.py                                                 0           0
/home/h3n0k/Documents/Repositories/Perso/ETL-Asteroids_data/test_env/lib/python3.8/site-packages/airflow/example_dags/example_bash_decorator.py                                                            0           0
/home/h3n0k/Documents/Repositories/Perso/ETL-Asteroids_data/test_env/lib/python3.8/site-packages/airflow/example_dags/example_trigger_controller_dag.py                                                    0           0
/home/h3n0k/Documents/Repositories/Perso/ETL-Asteroids_data/test_env/lib/python3.8/site-packages/airflow/example_dags/example_branch_labels.py                                                             0           0
/home/h3n0k/Documents/Repositories/Perso/ETL-Asteroids_data/test_env/lib/python3.8/site-packages/airflow/example_dags/example_short_circuit_operator.py                                                    0           0
/home/h3n0k/Documents/Repositories/Perso/ETL-Asteroids_data/test_env/lib/python3.8/site-packages/airflow/example_dags/example_params_trigger_ui.py                                                         0           0
/home/h3n0k/Documents/Repositories/Perso/ETL-Asteroids_data/test_env/lib/python3.8/site-packages/airflow/example_dags/example_subdag_operator.py                                                           0           0
/home/h3n0k/Documents/Repositories/Perso/ETL-Asteroids_data/test_env/lib/python3.8/site-packages/airflow/example_dags/example_task_group_decorator.py                                                      0           0
/home/h3n0k/Documents/Repositories/Perso/ETL-Asteroids_data/test_env/lib/python3.8/site-packages/airflow/example_dags/example_sla_dag.py                                                                   0           0
/home/h3n0k/Documents/Repositories/Perso/ETL-Asteroids_data/test_env/lib/python3.8/site-packages/airflow/example_dags/tutorial_objectstorage.py                                                            0           0
/home/h3n0k/Documents/Repositories/Perso/ETL-Asteroids_data/test_env/lib/python3.8/site-packages/airflow/example_dags/tutorial_taskflow_api_virtualenv.py                                                  0           0
/home/h3n0k/Documents/Repositories/Perso/ETL-Asteroids_data/test_env/lib/python3.8/site-packages/airflow/example_dags/example_local_kubernetes_executor.py                                                 0           0
/home/h3n0k/Documents/Repositories/Perso/ETL-Asteroids_data/test_env/lib/python3.8/site-packages/airflow/example_dags/tutorial.py                                                                          0           0
/home/h3n0k/Documents/Repositories/Perso/ETL-Asteroids_data/test_env/lib/python3.8/site-packages/airflow/example_dags/example_short_circuit_decorator.py                                                   0           0
/home/h3n0k/Documents/Repositories/Perso/ETL-Asteroids_data/test_env/lib/python3.8/site-packages/airflow/example_dags/example_dag_decorator.py                                                             0           0
/home/h3n0k/Documents/Repositories/Perso/ETL-Asteroids_data/test_env/lib/python3.8/site-packages/airflow/example_dags/example_latest_only.py                                                               0           0
/home/h3n0k/Documents/Repositories/Perso/ETL-Asteroids_data/test_env/lib/python3.8/site-packages/airflow/example_dags/example_python_operator.py                                                           0           0
/home/h3n0k/Documents/Repositories/Perso/ETL-Asteroids_data/test_env/lib/python3.8/site-packages/airflow/example_dags/example_dynamic_task_mapping.py                                                      0           0
/home/h3n0k/Documents/Repositories/Perso/ETL-Asteroids_data/test_env/lib/python3.8/site-packages/airflow/example_dags/example_latest_only_with_trigger.py                                                  0           0
/home/h3n0k/Documents/Repositories/Perso/ETL-Asteroids_data/test_env/lib/python3.8/site-packages/airflow/example_dags/example_xcomargs.py                                                                  0           0
/home/h3n0k/Documents/Repositories/Perso/ETL-Asteroids_data/test_env/lib/python3.8/site-packages/airflow/example_dags/example_display_name.py                                                              0           0
/home/h3n0k/Documents/Repositories/Perso/ETL-Asteroids_data/test_env/lib/python3.8/site-packages/airflow/example_dags/example_bash_operator.py                                                             0           0
/home/h3n0k/Documents/Repositories/Perso/ETL-Asteroids_data/test_env/lib/python3.8/site-packages/airflow/example_dags/example_branch_datetime_operator.py                                                  0           0
/home/h3n0k/Documents/Repositories/Perso/ETL-Asteroids_data/test_env/lib/python3.8/site-packages/airflow/example_dags/example_branch_day_of_week_operator.py                                               0           0
/home/h3n0k/Documents/Repositories/Perso/ETL-Asteroids_data/test_env/lib/python3.8/site-packages/airflow/example_dags/example_nested_branch_dag.py                                                         0           0
/home/h3n0k/Documents/Repositories/Perso/ETL-Asteroids_data/test_env/lib/python3.8/site-packages/airflow/example_dags/example_sensors.py                                                                   0           0
/home/h3n0k/Documents/Repositories/Perso/ETL-Asteroids_data/test_env/lib/python3.8/site-packages/airflow/example_dags/example_trigger_target_dag.py                                                        0           0
/home/h3n0k/Documents/Repositories/Perso/ETL-Asteroids_data/test_env/lib/python3.8/site-packages/airflow/example_dags/example_complex.py                                                                   0           0
/home/h3n0k/Documents/Repositories/Perso/ETL-Asteroids_data/test_env/lib/python3.8/site-packages/airflow/example_dags/tutorial_taskflow_api.py                                                             0           0
/home/h3n0k/Documents/Repositories/Perso/ETL-Asteroids_data/test_env/lib/python3.8/site-packages/airflow/example_dags/example_branch_python_dop_operator_3.py                                              0           0
/home/h3n0k/Documents/Repositories/Perso/ETL-Asteroids_data/test_env/lib/python3.8/site-packages/airflow/example_dags/example_datasets.py                                                                  0           0
/home/h3n0k/Documents/Repositories/Perso/ETL-Asteroids_data/test_env/lib/python3.8/site-packages/airflow/example_dags/example_task_group.py                                                                0           0
/home/h3n0k/Documents/Repositories/Perso/ETL-Asteroids_data/test_env/lib/python3.8/site-packages/airflow/example_dags/example_sensor_decorator.py                                                          0           0
/home/h3n0k/Documents/Repositories/Perso/ETL-Asteroids_data/test_env/lib/python3.8/site-packages/airflow/example_dags/example_external_task_marker_dag.py                                                  0           0
/home/h3n0k/Documents/Repositories/Perso/ETL-Asteroids_data/test_env/lib/python3.8/site-packages/airflow/example_dags/example_params_ui_tutorial.py                                                        0           0
/home/h3n0k/Documents/Repositories/Perso/ETL-Asteroids_data/test_env/lib/python3.8/site-packages/airflow/example_dags/example_kubernetes_executor.py                                                       0           0
/home/h3n0k/Documents/Repositories/Perso/ETL-Asteroids_data/test_env/lib/python3.8/site-packages/airflow/example_dags/example_setup_teardown_taskflow.py                                                   0           0
/home/h3n0k/Documents/Repositories/Perso/ETL-Asteroids_data/test_env/lib/python3.8/site-packages/airflow/example_dags/tutorial_dag.py                                                                      0           0
/home/h3n0k/Documents/Repositories/Perso/ETL-Asteroids_data/test_env/lib/python3.8/site-packages/airflow/example_dags/example_python_decorator.py                                                          0           0
/home/h3n0k/Documents/Repositories/Perso/ETL-Asteroids_data/test_env/lib/python3.8/site-packages/airflow/example_dags/example_setup_teardown.py                                                            0           0
/home/h3n0k/Documents/Repositories/Perso/ETL-Asteroids_data/test_env/lib/python3.8/site-packages/airflow/example_dags/example_time_delta_sensor_async.py                                                   0           0
/home/h3n0k/Documents/Repositories/Perso/ETL-Asteroids_data/test_env/lib/python3.8/site-packages/airflow/example_dags/subdags/subdag.py                                                                    0           0
/home/h3n0k/Documents/Repositories/Perso/ETL-Asteroids_data/test_env/lib/python3.8/site-packages/airflow/example_dags/plugins/listener_plugin.py                                                           0           0
/home/h3n0k/Documents/Repositories/Perso/ETL-Asteroids_data/test_env/lib/python3.8/site-packages/airflow/example_dags/plugins/decreasing_priority_weight_strategy.py                                       0           0
/home/h3n0k/Documents/Repositories/Perso/ETL-Asteroids_data/test_env/lib/python3.8/site-packages/airflow/example_dags/plugins/workday.py                                                                   0           0
/home/h3n0k/Documents/Repositories/Perso/ETL-Asteroids_data/test_env/lib/python3.8/site-packages/airflow/example_dags/plugins/event_listener.py                                                            0           0
================================================================================
[2024-04-29T16:44:16.948+0100] {manager.py:878} INFO - 
================================================================================
DAG File Processing Stats

File Path                                                                                                                                                                         PID    Runtime      # DAGs    # Errors  Last Runtime    Last Run
--------------------------------------------------------------------------------------------------------------------------------------------------------------------------------  -----  ---------  --------  ----------  --------------  -------------------
/home/h3n0k/Documents/Repositories/Perso/ETL-Asteroids_data/test_env/lib/python3.8/site-packages/airflow/example_dags/example_short_circuit_decorator.py                                                   1           0  0.41s           2024-04-29T15:44:16
/home/h3n0k/Documents/Repositories/Perso/ETL-Asteroids_data/test_env/lib/python3.8/site-packages/airflow/example_dags/example_xcomargs.py                                                                  2           0  0.31s           2024-04-29T15:43:55
/home/h3n0k/Documents/Repositories/Perso/ETL-Asteroids_data/test_env/lib/python3.8/site-packages/airflow/example_dags/example_task_group_decorator.py                                                      1           0  0.31s           2024-04-29T15:43:50
/home/h3n0k/Documents/Repositories/Perso/ETL-Asteroids_data/test_env/lib/python3.8/site-packages/airflow/example_dags/example_sla_dag.py                                                                   1           0  0.31s           2024-04-29T15:44:15
/home/h3n0k/Documents/Repositories/Perso/ETL-Asteroids_data/test_env/lib/python3.8/site-packages/airflow/example_dags/example_branch_operator_decorator.py                                                 1           0  0.31s           2024-04-29T15:44:11
/home/h3n0k/Documents/Repositories/Perso/ETL-Asteroids_data/test_env/lib/python3.8/site-packages/airflow/example_dags/tutorial_taskflow_api.py                                                             1           0  0.31s           2024-04-29T15:43:56
/home/h3n0k/Documents/Repositories/Perso/ETL-Asteroids_data/test_env/lib/python3.8/site-packages/airflow/example_dags/example_branch_operator.py                                                           1           0  0.31s           2024-04-29T15:44:06
/home/h3n0k/Documents/Repositories/Perso/ETL-Asteroids_data/test_env/lib/python3.8/site-packages/airflow/example_dags/tutorial.py                                                                          1           0  0.31s           2024-04-29T15:43:54
/home/h3n0k/Documents/Repositories/Perso/ETL-Asteroids_data/test_env/lib/python3.8/site-packages/airflow/example_dags/example_short_circuit_operator.py                                                    1           0  0.31s           2024-04-29T15:44:12
/home/h3n0k/Documents/Repositories/Perso/ETL-Asteroids_data/test_env/lib/python3.8/site-packages/airflow/example_dags/example_task_group.py                                                                1           0  0.21s           2024-04-29T15:43:58
/home/h3n0k/Documents/Repositories/Perso/ETL-Asteroids_data/test_env/lib/python3.8/site-packages/airflow/example_dags/example_subdag_operator.py                                                           3           0  0.21s           2024-04-29T15:43:49
/home/h3n0k/Documents/Repositories/Perso/ETL-Asteroids_data/test_env/lib/python3.8/site-packages/airflow/example_dags/tutorial_taskflow_api_virtualenv.py                                                  1           0  0.21s           2024-04-29T15:43:52
/home/h3n0k/Documents/Repositories/Perso/ETL-Asteroids_data/test_env/lib/python3.8/site-packages/airflow/example_dags/example_trigger_target_dag.py                                                        1           0  0.21s           2024-04-29T15:43:56
/home/h3n0k/Documents/Repositories/Perso/ETL-Asteroids_data/test_env/lib/python3.8/site-packages/airflow/example_dags/example_time_delta_sensor_async.py                                                   1           0  0.21s           2024-04-29T15:44:00
/home/h3n0k/Documents/Repositories/Perso/ETL-Asteroids_data/test_env/lib/python3.8/site-packages/airflow/example_dags/example_dynamic_task_mapping_with_no_taskflow_operators.py                           1           0  0.20s           2024-04-29T15:44:09
/home/h3n0k/Documents/Repositories/Perso/ETL-Asteroids_data/test_env/lib/python3.8/site-packages/airflow/example_dags/example_skip_dag.py                                                                  1           0  0.20s           2024-04-29T15:44:07
/home/h3n0k/Documents/Repositories/Perso/ETL-Asteroids_data/test_env/lib/python3.8/site-packages/airflow/example_dags/example_xcom.py                                                                      1           0  0.20s           2024-04-29T15:43:46
/home/h3n0k/Documents/Repositories/Perso/ETL-Asteroids_data/test_env/lib/python3.8/site-packages/airflow/example_dags/example_params_trigger_ui.py                                                         1           0  0.20s           2024-04-29T15:44:13
/home/h3n0k/Documents/Repositories/Perso/ETL-Asteroids_data/test_env/lib/python3.8/site-packages/airflow/example_dags/example_passing_params_via_test_command.py                                           1           0  0.20s           2024-04-29T15:44:08
/home/h3n0k/Documents/Repositories/Perso/ETL-Asteroids_data/test_env/lib/python3.8/site-packages/airflow/example_dags/tutorial_objectstorage.py                                                            1           0  0.20s           2024-04-29T15:43:51
/home/h3n0k/Documents/Repositories/Perso/ETL-Asteroids_data/test_env/lib/python3.8/site-packages/airflow/example_dags/example_trigger_controller_dag.py                                                    1           0  0.20s           2024-04-29T15:43:47
/home/h3n0k/Documents/Repositories/Perso/ETL-Asteroids_data/test_env/lib/python3.8/site-packages/airflow/example_dags/tutorial_dag.py                                                                      1           0  0.20s           2024-04-29T15:43:59
/home/h3n0k/Documents/Repositories/Perso/ETL-Asteroids_data/test_env/lib/python3.8/site-packages/airflow/example_dags/example_local_kubernetes_executor.py                                                 0           0  0.11s           2024-04-29T15:44:16
/home/h3n0k/Documents/Repositories/Perso/ETL-Asteroids_data/test_env/lib/python3.8/site-packages/airflow/example_dags/plugins/listener_plugin.py                                                           0           0  0.11s           2024-04-29T15:44:02
/home/h3n0k/Documents/Repositories/Perso/ETL-Asteroids_data/test_env/lib/python3.8/site-packages/airflow/example_dags/plugins/decreasing_priority_weight_strategy.py                                       0           0  0.11s           2024-04-29T15:44:03
/home/h3n0k/Documents/Repositories/Perso/ETL-Asteroids_data/test_env/lib/python3.8/site-packages/airflow/example_dags/plugins/workday.py                                                                   0           0  0.11s           2024-04-29T15:44:04
/home/h3n0k/Documents/Repositories/Perso/ETL-Asteroids_data/test_env/lib/python3.8/site-packages/airflow/example_dags/plugins/event_listener.py                                                            0           0  0.11s           2024-04-29T15:44:05
/home/h3n0k/Documents/Repositories/Perso/ETL-Asteroids_data/test_env/lib/python3.8/site-packages/airflow/example_dags/subdags/subdag.py                                                                    0           0  0.11s           2024-04-29T15:44:01
/home/h3n0k/Documents/Repositories/Perso/ETL-Asteroids_data/test_env/lib/python3.8/site-packages/airflow/example_dags/example_bash_decorator.py                                                            0           0
/home/h3n0k/Documents/Repositories/Perso/ETL-Asteroids_data/test_env/lib/python3.8/site-packages/airflow/example_dags/example_branch_labels.py                                                             0           0
/home/h3n0k/Documents/Repositories/Perso/ETL-Asteroids_data/test_env/lib/python3.8/site-packages/airflow/example_dags/example_dag_decorator.py                                                             0           0
/home/h3n0k/Documents/Repositories/Perso/ETL-Asteroids_data/test_env/lib/python3.8/site-packages/airflow/example_dags/example_latest_only.py                                                               0           0
/home/h3n0k/Documents/Repositories/Perso/ETL-Asteroids_data/test_env/lib/python3.8/site-packages/airflow/example_dags/example_python_operator.py                                                           0           0
/home/h3n0k/Documents/Repositories/Perso/ETL-Asteroids_data/test_env/lib/python3.8/site-packages/airflow/example_dags/example_dynamic_task_mapping.py                                                      0           0
/home/h3n0k/Documents/Repositories/Perso/ETL-Asteroids_data/test_env/lib/python3.8/site-packages/airflow/example_dags/example_latest_only_with_trigger.py                                                  0           0
/home/h3n0k/Documents/Repositories/Perso/ETL-Asteroids_data/test_env/lib/python3.8/site-packages/airflow/example_dags/example_display_name.py                                                              0           0
/home/h3n0k/Documents/Repositories/Perso/ETL-Asteroids_data/test_env/lib/python3.8/site-packages/airflow/example_dags/example_bash_operator.py                                                             0           0
/home/h3n0k/Documents/Repositories/Perso/ETL-Asteroids_data/test_env/lib/python3.8/site-packages/airflow/example_dags/example_branch_datetime_operator.py                                                  0           0
/home/h3n0k/Documents/Repositories/Perso/ETL-Asteroids_data/test_env/lib/python3.8/site-packages/airflow/example_dags/example_branch_day_of_week_operator.py                                               0           0
/home/h3n0k/Documents/Repositories/Perso/ETL-Asteroids_data/test_env/lib/python3.8/site-packages/airflow/example_dags/example_nested_branch_dag.py                                                         0           0
/home/h3n0k/Documents/Repositories/Perso/ETL-Asteroids_data/test_env/lib/python3.8/site-packages/airflow/example_dags/example_sensors.py                                                                   0           0
/home/h3n0k/Documents/Repositories/Perso/ETL-Asteroids_data/test_env/lib/python3.8/site-packages/airflow/example_dags/example_complex.py                                                                   0           0
/home/h3n0k/Documents/Repositories/Perso/ETL-Asteroids_data/test_env/lib/python3.8/site-packages/airflow/example_dags/example_branch_python_dop_operator_3.py                                              0           0
/home/h3n0k/Documents/Repositories/Perso/ETL-Asteroids_data/test_env/lib/python3.8/site-packages/airflow/example_dags/example_datasets.py                                                                  0           0
/home/h3n0k/Documents/Repositories/Perso/ETL-Asteroids_data/test_env/lib/python3.8/site-packages/airflow/example_dags/example_sensor_decorator.py                                                          0           0
/home/h3n0k/Documents/Repositories/Perso/ETL-Asteroids_data/test_env/lib/python3.8/site-packages/airflow/example_dags/example_external_task_marker_dag.py                                                  0           0
/home/h3n0k/Documents/Repositories/Perso/ETL-Asteroids_data/test_env/lib/python3.8/site-packages/airflow/example_dags/example_params_ui_tutorial.py                                                        0           0
/home/h3n0k/Documents/Repositories/Perso/ETL-Asteroids_data/test_env/lib/python3.8/site-packages/airflow/example_dags/example_kubernetes_executor.py                                                       0           0
/home/h3n0k/Documents/Repositories/Perso/ETL-Asteroids_data/test_env/lib/python3.8/site-packages/airflow/example_dags/example_setup_teardown_taskflow.py                                                   0           0
/home/h3n0k/Documents/Repositories/Perso/ETL-Asteroids_data/test_env/lib/python3.8/site-packages/airflow/example_dags/example_python_decorator.py                                                          0           0
/home/h3n0k/Documents/Repositories/Perso/ETL-Asteroids_data/test_env/lib/python3.8/site-packages/airflow/example_dags/example_setup_teardown.py                                                            0           0
================================================================================
[2024-04-29T16:44:34.919+0100] {manager.py:452} INFO - Exiting gracefully upon receiving signal 15
[2024-04-29T16:47:31.959+0100] {manager.py:470} INFO - Processing files using up to 1 processes at a time 
[2024-04-29T16:47:31.960+0100] {manager.py:471} INFO - Process each file at most once every 30 seconds
[2024-04-29T16:47:31.960+0100] {manager.py:472} INFO - Checking for new files in /home/h3n0k/Documents/Repositories/Perso/ETL-Asteroids_data/airflow/dags every 300 seconds
[2024-04-29T16:47:31.960+0100] {manager.py:737} INFO - Searching for files in /home/h3n0k/Documents/Repositories/Perso/ETL-Asteroids_data/airflow/dags
[2024-04-29T16:47:31.960+0100] {manager.py:740} INFO - There are 0 files in /home/h3n0k/Documents/Repositories/Perso/ETL-Asteroids_data/airflow/dags
[2024-04-29T16:52:31.965+0100] {manager.py:737} INFO - Searching for files in /home/h3n0k/Documents/Repositories/Perso/ETL-Asteroids_data/airflow/dags
[2024-04-29T16:52:31.966+0100] {manager.py:740} INFO - There are 0 files in /home/h3n0k/Documents/Repositories/Perso/ETL-Asteroids_data/airflow/dags
[2024-04-29T16:56:55.036+0100] {manager.py:452} INFO - Exiting gracefully upon receiving signal 15
[2024-04-29T16:56:59.466+0100] {manager.py:470} INFO - Processing files using up to 1 processes at a time 
[2024-04-29T16:56:59.466+0100] {manager.py:471} INFO - Process each file at most once every 30 seconds
[2024-04-29T16:56:59.466+0100] {manager.py:472} INFO - Checking for new files in /home/h3n0k/Documents/Repositories/Perso/ETL-Asteroids_data/airflow/dags every 300 seconds
[2024-04-29T16:56:59.466+0100] {manager.py:737} INFO - Searching for files in /home/h3n0k/Documents/Repositories/Perso/ETL-Asteroids_data/airflow/dags
[2024-04-29T16:56:59.467+0100] {manager.py:740} INFO - There are 0 files in /home/h3n0k/Documents/Repositories/Perso/ETL-Asteroids_data/airflow/dags
[2024-04-29T16:58:05.498+0100] {manager.py:452} INFO - Exiting gracefully upon receiving signal 15
